d:\school\howest\2de_jaar\gameplay_programming\gpp_exam_assignment\2dae07_de_herdt_elias_gpp-exam2020\source_zombiegameai\project\_temp\debug\gpp_plugin_d.pch
d:\school\howest\2de_jaar\gameplay_programming\gpp_exam_assignment\2dae07_de_herdt_elias_gpp-exam2020\source_zombiegameai\project\_temp\debug\vc142.pdb
d:\school\howest\2de_jaar\gameplay_programming\gpp_exam_assignment\2dae07_de_herdt_elias_gpp-exam2020\source_zombiegameai\project\_temp\debug\vc142.idb
d:\school\howest\2de_jaar\gameplay_programming\gpp_exam_assignment\2dae07_de_herdt_elias_gpp-exam2020\source_zombiegameai\project\_temp\debug\stdafx.obj
d:\school\howest\2de_jaar\gameplay_programming\gpp_exam_assignment\2dae07_de_herdt_elias_gpp-exam2020\source_zombiegameai\project\_temp\debug\steeringbehaviors.obj
d:\school\howest\2de_jaar\gameplay_programming\gpp_exam_assignment\2dae07_de_herdt_elias_gpp-exam2020\source_zombiegameai\project\_temp\debug\plugin.obj
d:\school\howest\2de_jaar\gameplay_programming\gpp_exam_assignment\2dae07_de_herdt_elias_gpp-exam2020\source_zombiegameai\project\_temp\debug\efinitestatemachine.obj
d:\school\howest\2de_jaar\gameplay_programming\gpp_exam_assignment\2dae07_de_herdt_elias_gpp-exam2020\source_zombiegameai\project\_temp\debug\ebehaviortree.obj
d:\school\howest\2de_jaar\gameplay_programming\gpp_exam_assignment\2dae07_de_herdt_elias_gpp-exam2020\source_zombiegameai\project\_temp\debug\combinedsteeringbehaviors.obj
d:\school\howest\2de_jaar\gameplay_programming\gpp_exam_assignment\2dae07_de_herdt_elias_gpp-exam2020\source_zombiegameai\_demo_debug\gpp_plugin_d.lib
d:\school\howest\2de_jaar\gameplay_programming\gpp_exam_assignment\2dae07_de_herdt_elias_gpp-exam2020\source_zombiegameai\_demo_debug\gpp_plugin_d.exp
d:\school\howest\2de_jaar\gameplay_programming\gpp_exam_assignment\2dae07_de_herdt_elias_gpp-exam2020\source_zombiegameai\_demo_debug\gpp_plugin_d.ilk
d:\school\howest\2de_jaar\gameplay_programming\gpp_exam_assignment\2dae07_de_herdt_elias_gpp-exam2020\source_zombiegameai\_demo_debug\gpp_plugin_d.dll
d:\school\howest\2de_jaar\gameplay_programming\gpp_exam_assignment\2dae07_de_herdt_elias_gpp-exam2020\source_zombiegameai\_demo_debug\gpp_plugin_d.pdb
d:\school\howest\2de_jaar\gameplay_programming\gpp_exam_assignment\2dae07_de_herdt_elias_gpp-exam2020\source_zombiegameai\project\..\_demo_debug\gpp_plugin_d.pdb
d:\school\howest\2de_jaar\gameplay_programming\gpp_exam_assignment\2dae07_de_herdt_elias_gpp-exam2020\source_zombiegameai\project\..\_demo_debug\gpp_plugin_d.ilk
d:\school\howest\2de_jaar\gameplay_programming\gpp_exam_assignment\2dae07_de_herdt_elias_gpp-exam2020\source_zombiegameai\project\_temp\debug\gpp_exam.tlog\cl.command.1.tlog
d:\school\howest\2de_jaar\gameplay_programming\gpp_exam_assignment\2dae07_de_herdt_elias_gpp-exam2020\source_zombiegameai\project\_temp\debug\gpp_exam.tlog\cl.read.1.tlog
d:\school\howest\2de_jaar\gameplay_programming\gpp_exam_assignment\2dae07_de_herdt_elias_gpp-exam2020\source_zombiegameai\project\_temp\debug\gpp_exam.tlog\cl.write.1.tlog
d:\school\howest\2de_jaar\gameplay_programming\gpp_exam_assignment\2dae07_de_herdt_elias_gpp-exam2020\source_zombiegameai\project\_temp\debug\gpp_exam.tlog\gpp_exam.write.1u.tlog
d:\school\howest\2de_jaar\gameplay_programming\gpp_exam_assignment\2dae07_de_herdt_elias_gpp-exam2020\source_zombiegameai\project\_temp\debug\gpp_exam.tlog\link.command.1.tlog
d:\school\howest\2de_jaar\gameplay_programming\gpp_exam_assignment\2dae07_de_herdt_elias_gpp-exam2020\source_zombiegameai\project\_temp\debug\gpp_exam.tlog\link.read.1.tlog
d:\school\howest\2de_jaar\gameplay_programming\gpp_exam_assignment\2dae07_de_herdt_elias_gpp-exam2020\source_zombiegameai\project\_temp\debug\gpp_exam.tlog\link.write.1.tlog
